<?xml version="1.0" encoding="UTF-8"?>
<!-- Generated by org.testng.reporters.JUnitReportReporter -->
<testsuite hostname="Galil3" name="day2.Selenium_Basics" tests="2" failures="0" timestamp="25 Oct 2015 11:16:00 GMT" time="30.173" errors="0">
  <testcase name="testApp" time="18.399" classname="day2.Selenium_Basics"/>
  <testcase name="testApp" time="11.774" classname="day2.Selenium_Basics"/>
</testsuite> <!-- day2.Selenium_Basics -->
